#
# A fatal error has been detected by the Java Runtime Environment:
#
#  Internal Error (javaCalls.cpp:51), pid=30955, tid=0x0000000000005203
#  guarantee(thread->is_Java_thread()) failed: crucial check - the VM thread cannot and must not escape to Java code
#
# JRE version: Java(TM) SE Runtime Environment (8.0_221-b11) (build 1.8.0_221-b11)
# Java VM: Java HotSpot(TM) 64-Bit Server VM (25.221-b11 mixed mode bsd-amd64 compressed oops)
# Failed to write core dump. Core dumps have been disabled. To enable core dumping, try "ulimit -c unlimited" before starting Java again
#
# If you would like to submit a bug report, please visit:
#   http://bugreport.java.com/bugreport/crash.jsp
#

---------------  T H R E A D  ---------------

Current thread (0x00007f9649006000):  GCTaskThread [stack: 0x00007000045de000,0x00007000046de000] [id=20995]

Stack: [0x00007000045de000,0x00007000046de000],  sp=0x00007000046dc5a0,  free space=1017k
Native frames: (J=compiled Java code, j=interpreted, Vv=VM code, C=native code)
V  [libjvm.dylib+0x5b6994]
V  [libjvm.dylib+0x1e9bdd]
V  [libjvm.dylib+0x2f03c0]
V  [libjvm.dylib+0x2f0c78]
V  [libjvm.dylib+0x2f11ab]
V  [libjvm.dylib+0x24478f]
V  [libjvm.dylib+0x24488a]
V  [libjvm.dylib+0x244ae9]
V  [libjvm.dylib+0x244b04]
V  [libjvm.dylib+0x2889a3]
V  [libjvm.dylib+0x288a33]
V  [libjvm.dylib+0x288f1b]
V  [libjvm.dylib+0x28b608]
V  [libjvm.dylib+0x28b857]
V  [libjvm.dylib+0x28bdee]
V  [libjvm.dylib+0x28c207]
V  [libjvm.dylib+0x4861f5]
V  [libjvm.dylib+0x4863fe]
V  [libjvm.dylib+0x4865df]
V  [libjvm.dylib+0x486896]
V  [libjvm.dylib+0x2c3b34]
V  [libjvm.dylib+0x453f21]
V  [libjvm.dylib+0x24cf7c]
V  [libjvm.dylib+0x571870]
V  [libjvm.dylib+0x4cf65c]
V  [libjvm.dylib+0x27949b]
V  [libjvm.dylib+0x48f30a]
C  [libsystem_pthread.dylib+0x3661]  _pthread_body+0x154
C  [libsystem_pthread.dylib+0x350d]  _pthread_body+0x0
C  [libsystem_pthread.dylib+0x2bf9]  thread_start+0xd

JavaThread 0x00007f964891f000 (nid = 39171) was being processed
Java frames: (J=compiled Java code, j=interpreted, Vv=VM code)
j  com.example.restApi.UniquoRestaurant.controller.OrderFoodController.orderFoodCust(Lcom/example/restApi/UniquoRestaurant/dao/CustomerOrder;)Lcom/example/restApi/UniquoRestaurant/entity/OrderFood;+680
v  ~StubRoutines::call_stub
J 1612  sun.reflect.NativeMethodAccessorImpl.invoke0(Ljava/lang/reflect/Method;Ljava/lang/Object;[Ljava/lang/Object;)Ljava/lang/Object; (0 bytes) @ 0x0000000111cbbd37 [0x0000000111cbbcc0+0x77]
j  sun.reflect.NativeMethodAccessorImpl.invoke(Ljava/lang/Object;[Ljava/lang/Object;)Ljava/lang/Object;+100
j  sun.reflect.DelegatingMethodAccessorImpl.invoke(Ljava/lang/Object;[Ljava/lang/Object;)Ljava/lang/Object;+6
j  java.lang.reflect.Method.invoke(Ljava/lang/Object;[Ljava/lang/Object;)Ljava/lang/Object;+56
j  org.springframework.web.method.support.InvocableHandlerMethod.doInvoke([Ljava/lang/Object;)Ljava/lang/Object;+16
j  org.springframework.web.method.support.InvocableHandlerMethod.invokeForRequest(Lorg/springframework/web/context/request/NativeWebRequest;Lorg/springframework/web/method/support/ModelAndViewContainer;[Ljava/lang/Object;)Ljava/lang/Object;+56
j  org.springframework.web.servlet.mvc.method.annotation.ServletInvocableHandlerMethod.invokeAndHandle(Lorg/springframework/web/context/request/ServletWebRequest;Lorg/springframework/web/method/support/ModelAndViewContainer;[Ljava/lang/Object;)V+4
j  org.springframework.web.servlet.mvc.method.annotation.RequestMappingHandlerAdapter.invokeHandlerMethod(Ljavax/servlet/http/HttpServletRequest;Ljavax/servlet/http/HttpServletResponse;Lorg/springframework/web/method/HandlerMethod;)Lorg/springframework/web/servlet/ModelAndView;+244
j  org.springframework.web.servlet.mvc.method.annotation.RequestMappingHandlerAdapter.handleInternal(Ljavax/servlet/http/HttpServletRequest;Ljavax/servlet/http/HttpServletResponse;Lorg/springframework/web/method/HandlerMethod;)Lorg/springframework/web/servlet/ModelAndView;+81
j  org.springframework.web.servlet.mvc.method.AbstractHandlerMethodAdapter.handle(Ljavax/servlet/http/HttpServletRequest;Ljavax/servlet/http/HttpServletResponse;Ljava/lang/Object;)Lorg/springframework/web/servlet/ModelAndView;+7
j  org.springframework.web.servlet.DispatcherServlet.doDispatch(Ljavax/servlet/http/HttpServletRequest;Ljavax/servlet/http/HttpServletResponse;)V+257
j  org.springframework.web.servlet.DispatcherServlet.doService(Ljavax/servlet/http/HttpServletRequest;Ljavax/servlet/http/HttpServletResponse;)V+212
j  org.springframework.web.servlet.FrameworkServlet.processRequest(Ljavax/servlet/http/HttpServletRequest;Ljavax/servlet/http/HttpServletResponse;)V+71
j  org.springframework.web.servlet.FrameworkServlet.doPost(Ljavax/servlet/http/HttpServletRequest;Ljavax/servlet/http/HttpServletResponse;)V+3
j  javax.servlet.http.HttpServlet.service(Ljavax/servlet/http/HttpServletRequest;Ljavax/servlet/http/HttpServletResponse;)V+149
j  org.springframework.web.servlet.FrameworkServlet.service(Ljavax/servlet/http/HttpServletRequest;Ljavax/servlet/http/HttpServletResponse;)V+33
j  javax.servlet.http.HttpServlet.service(Ljavax/servlet/ServletRequest;Ljavax/servlet/ServletResponse;)V+36
j  org.apache.catalina.core.ApplicationFilterChain.internalDoFilter(Ljavax/servlet/ServletRequest;Ljavax/servlet/ServletResponse;)V+304
j  org.apache.catalina.core.ApplicationFilterChain.doFilter(Ljavax/servlet/ServletRequest;Ljavax/servlet/ServletResponse;)V+101
j  org.apache.tomcat.websocket.server.WsFilter.doFilter(Ljavax/servlet/ServletRequest;Ljavax/servlet/ServletResponse;Ljavax/servlet/FilterChain;)V+21
j  org.apache.catalina.core.ApplicationFilterChain.internalDoFilter(Ljavax/servlet/ServletRequest;Ljavax/servlet/ServletResponse;)V+135
j  org.apache.catalina.core.ApplicationFilterChain.doFilter(Ljavax/servlet/ServletRequest;Ljavax/servlet/ServletResponse;)V+101
j  org.springframework.boot.actuate.web.trace.servlet.HttpTraceFilter.doFilterInternal(Ljavax/servlet/http/HttpServletRequest;Ljavax/servlet/http/HttpServletResponse;Ljavax/servlet/FilterChain;)V+49
j  org.springframework.web.filter.OncePerRequestFilter.doFilter(Ljavax/servlet/ServletRequest;Ljavax/servlet/ServletResponse;Ljavax/servlet/FilterChain;)V+111
j  org.apache.catalina.core.ApplicationFilterChain.internalDoFilter(Ljavax/servlet/ServletRequest;Ljavax/servlet/ServletResponse;)V+135
j  org.apache.catalina.core.ApplicationFilterChain.doFilter(Ljavax/servlet/ServletRequest;Ljavax/servlet/ServletResponse;)V+101
j  org.springframework.web.filter.RequestContextFilter.doFilterInternal(Ljavax/servlet/http/HttpServletRequest;Ljavax/servlet/http/HttpServletResponse;Ljavax/servlet/FilterChain;)V+21
j  org.springframework.web.filter.OncePerRequestFilter.doFilter(Ljavax/servlet/ServletRequest;Ljavax/servlet/ServletResponse;Ljavax/servlet/FilterChain;)V+111
j  org.apache.catalina.core.ApplicationFilterChain.internalDoFilter(Ljavax/servlet/ServletRequest;Ljavax/servlet/ServletResponse;)V+135
j  org.apache.catalina.core.ApplicationFilterChain.doFilter(Ljavax/servlet/ServletRequest;Ljavax/servlet/ServletResponse;)V+101
j  org.springframework.web.filter.FormContentFilter.doFilterInternal(Ljavax/servlet/http/HttpServletRequest;Ljavax/servlet/http/HttpServletResponse;Ljavax/servlet/FilterChain;)V+38
j  org.springframework.web.filter.OncePerRequestFilter.doFilter(Ljavax/servlet/ServletRequest;Ljavax/servlet/ServletResponse;Ljavax/servlet/FilterChain;)V+111
j  org.apache.catalina.core.ApplicationFilterChain.internalDoFilter(Ljavax/servlet/ServletRequest;Ljavax/servlet/ServletResponse;)V+135
j  org.apache.catalina.core.ApplicationFilterChain.doFilter(Ljavax/servlet/ServletRequest;Ljavax/servlet/ServletResponse;)V+101
j  org.springframework.web.filter.HiddenHttpMethodFilter.doFilterInternal(Ljavax/servlet/http/HttpServletRequest;Ljavax/servlet/http/HttpServletResponse;Ljavax/servlet/FilterChain;)V+87
j  org.springframework.web.filter.OncePerRequestFilter.doFilter(Ljavax/servlet/ServletRequest;Ljavax/servlet/ServletResponse;Ljavax/servlet/FilterChain;)V+111
j  org.apache.catalina.core.ApplicationFilterChain.internalDoFilter(Ljavax/servlet/ServletRequest;Ljavax/servlet/ServletResponse;)V+135
j  org.apache.catalina.core.ApplicationFilterChain.doFilter(Ljavax/servlet/ServletRequest;Ljavax/servlet/ServletResponse;)V+101
j  org.springframework.boot.actuate.metrics.web.servlet.WebMvcMetricsFilter.filterAndRecordMetrics(Ljavax/servlet/http/HttpServletRequest;Ljavax/servlet/http/HttpServletResponse;Ljavax/servlet/FilterChain;)V+21
j  org.springframework.boot.actuate.metrics.web.servlet.WebMvcMetricsFilter.doFilterInternal(Ljavax/servlet/http/HttpServletRequest;Ljavax/servlet/http/HttpServletResponse;Ljavax/servlet/FilterChain;)V+4
j  org.springframework.web.filter.OncePerRequestFilter.doFilter(Ljavax/servlet/ServletRequest;Ljavax/servlet/ServletResponse;Ljavax/servlet/FilterChain;)V+111
j  org.apache.catalina.core.ApplicationFilterChain.internalDoFilter(Ljavax/servlet/ServletRequest;Ljavax/servlet/ServletResponse;)V+135
j  org.apache.catalina.core.ApplicationFilterChain.doFilter(Ljavax/servlet/ServletRequest;Ljavax/servlet/ServletResponse;)V+101
j  org.springframework.web.filter.CharacterEncodingFilter.doFilterInternal(Ljavax/servlet/http/HttpServletRequest;Ljavax/servlet/http/HttpServletResponse;Ljavax/servlet/FilterChain;)V+53
j  org.springframework.web.filter.OncePerRequestFilter.doFilter(Ljavax/servlet/ServletRequest;Ljavax/servlet/ServletResponse;Ljavax/servlet/FilterChain;)V+111
j  org.apache.catalina.core.ApplicationFilterChain.internalDoFilter(Ljavax/servlet/ServletRequest;Ljavax/servlet/ServletResponse;)V+135
j  org.apache.catalina.core.ApplicationFilterChain.doFilter(Ljavax/servlet/ServletRequest;Ljavax/servlet/ServletResponse;)V+101
j  org.apache.catalina.core.StandardWrapperValve.invoke(Lorg/apache/catalina/connector/Request;Lorg/apache/catalina/connector/Response;)V+688
j  org.apache.catalina.core.StandardContextValve.invoke(Lorg/apache/catalina/connector/Request;Lorg/apache/catalina/connector/Response;)V+166
j  org.apache.catalina.authenticator.AuthenticatorBase.invoke(Lorg/apache/catalina/connector/Request;Lorg/apache/catalina/connector/Response;)V+260
j  org.apache.catalina.core.StandardHostValve.invoke(Lorg/apache/catalina/connector/Request;Lorg/apache/catalina/connector/Response;)V+114
j  org.apache.catalina.valves.ErrorReportValve.invoke(Lorg/apache/catalina/connector/Request;Lorg/apache/catalina/connector/Response;)V+6
j  org.apache.catalina.core.StandardEngineValve.invoke(Lorg/apache/catalina/connector/Request;Lorg/apache/catalina/connector/Response;)V+45
j  org.apache.catalina.connector.CoyoteAdapter.service(Lorg/apache/coyote/Request;Lorg/apache/coyote/Response;)V+199
j  org.apache.coyote.http11.Http11Processor.service(Lorg/apache/tomcat/util/net/SocketWrapperBase;)Lorg/apache/tomcat/util/net/AbstractEndpoint$Handler$SocketState;+791
j  org.apache.coyote.AbstractProcessorLight.process(Lorg/apache/tomcat/util/net/SocketWrapperBase;Lorg/apache/tomcat/util/net/SocketEvent;)Lorg/apache/tomcat/util/net/AbstractEndpoint$Handler$SocketState;+113
j  org.apache.coyote.AbstractProtocol$ConnectionHandler.process(Lorg/apache/tomcat/util/net/SocketWrapperBase;Lorg/apache/tomcat/util/net/SocketEvent;)Lorg/apache/tomcat/util/net/AbstractEndpoint$Handler$SocketState;+414
j  org.apache.tomcat.util.net.NioEndpoint$SocketProcessor.doRun()V+191
j  org.apache.tomcat.util.net.SocketProcessorBase.run()V+21
j  java.util.concurrent.ThreadPoolExecutor.runWorker(Ljava/util/concurrent/ThreadPoolExecutor$Worker;)V+95
j  java.util.concurrent.ThreadPoolExecutor$Worker.run()V+5
j  org.apache.tomcat.util.threads.TaskThread$WrappingRunnable.run()V+4
j  java.lang.Thread.run()V+11
v  ~StubRoutines::call_stub

---------------  P R O C E S S  ---------------

Java Threads: ( => current thread )
  0x00007f9649ab8000 JavaThread "Thread-20" [_thread_blocked, id=24079, stack(0x00007000040cc000,0x00007000041cc000)]
  0x00007f964a1eb000 JavaThread "http-nio-8080-Acceptor-0" daemon [_thread_blocked, id=41227, stack(0x000070000705c000,0x000070000715c000)]
  0x00007f9649bb0800 JavaThread "DestroyJavaVM" [_thread_blocked, id=6403, stack(0x00007000041d2000,0x00007000042d2000)]
  0x00007f964891f000 JavaThread "http-nio-8080-exec-4" daemon [_thread_blocked, id=39171, stack(0x000070000663e000,0x000070000673e000)]
  0x00007f9648a91000 JavaThread "Live Reload Server" daemon [_thread_in_native, id=40711, stack(0x000070000602c000,0x000070000612c000)]
  0x00007f964a3d5800 JavaThread "mysql-cj-abandoned-connection-cleanup" daemon [_thread_blocked, id=41991, stack(0x0000700005814000,0x0000700005914000)]
  0x00007f9648aba800 JavaThread "Attach Listener" daemon [_thread_blocked, id=23043, stack(0x0000700005917000,0x0000700005a17000)]
  0x00007f964a0c1800 JavaThread "RMI TCP Accept-0" daemon [_thread_in_native, id=14595, stack(0x0000700005408000,0x0000700005508000)]
  0x00007f964896a800 JavaThread "RMI TCP Accept-62325" daemon [_thread_in_native, id=15107, stack(0x0000700005305000,0x0000700005405000)]
  0x00007f9649a94000 JavaThread "RMI TCP Accept-0" daemon [_thread_in_native, id=14339, stack(0x0000700005202000,0x0000700005302000)]
  0x00007f964a014000 JavaThread "Service Thread" daemon [_thread_blocked, id=13827, stack(0x00007000050ff000,0x00007000051ff000)]
  0x00007f964981e000 JavaThread "C1 CompilerThread2" daemon [_thread_blocked, id=15875, stack(0x0000700004ffc000,0x00007000050fc000)]
  0x00007f964981c800 JavaThread "C2 CompilerThread1" daemon [_thread_blocked, id=16131, stack(0x0000700004ef9000,0x0000700004ff9000)]
  0x00007f964a006000 JavaThread "C2 CompilerThread0" daemon [_thread_blocked, id=16643, stack(0x0000700004df6000,0x0000700004ef6000)]
  0x00007f964905d800 JavaThread "JDWP Command Reader" daemon [_thread_in_native, id=17155, stack(0x0000700004cf3000,0x0000700004df3000)]
  0x00007f964905b800 JavaThread "JDWP Event Helper Thread" daemon [_thread_blocked, id=13315, stack(0x0000700004bf0000,0x0000700004cf0000)]
  0x00007f964905c800 JavaThread "JDWP Transport Listener: dt_socket" daemon [_thread_blocked, id=17927, stack(0x0000700004aed000,0x0000700004bed000)]
  0x00007f9649058000 JavaThread "Signal Dispatcher" daemon [_thread_blocked, id=18183, stack(0x00007000049ea000,0x0000700004aea000)]
  0x00007f9648826000 JavaThread "Finalizer" daemon [_thread_blocked, id=11267, stack(0x00007000048e7000,0x00007000049e7000)]
  0x00007f964a000000 JavaThread "Reference Handler" daemon [_thread_blocked, id=19971, stack(0x00007000047e4000,0x00007000048e4000)]

Other Threads:
  0x00007f964881a000 VMThread [stack: 0x00007000046e1000,0x00007000047e1000] [id=20483]
  0x00007f964a091000 WatcherThread [stack: 0x000070000550b000,0x000070000560b000] [id=43267]

=>0x00007f9649006000 (exited) GCTaskThread [stack: 0x00007000045de000,0x00007000046de000] [id=20995]

VM state:at safepoint (normal execution)

VM Mutex/Monitor currently owned by a thread:  ([mutex/lock_event])
[0x00007f9648606630] Threads_lock - owner thread: 0x00007f964881a000
[0x00007f9648606b30] Heap_lock - owner thread: 0x00007f9649ab8000

heap address: 0x0000000740000000, size: 2048 MB, Compressed Oops mode: Zero based, Oop shift amount: 3
Narrow klass base: 0x0000000000000000, Narrow klass shift: 3
Compressed class space size: 1073741824 Address: 0x00000007c0000000

Heap:
 PSYoungGen      total 290816K, used 69061K [0x0000000795580000, 0x00000007a8600000, 0x00000007c0000000)
  eden space 278016K, 21% used [0x0000000795580000,0x0000000798fb9e68,0x00000007a6500000)
  from space 12800K, 73% used [0x00000007a7980000,0x00000007a82b7940,0x00000007a8600000)
  to   space 16896K, 28% used [0x00000007a6500000,0x00000007a69c6200,0x00000007a7580000)
 ParOldGen       total 136192K, used 34336K [0x0000000740000000, 0x0000000748500000, 0x0000000795580000)
  object space 136192K, 25% used [0x0000000740000000,0x00000007421881a0,0x0000000748500000)
 Metaspace       used 64301K, capacity 68254K, committed 68520K, reserved 1107968K
  class space    used 8902K, capacity 9599K, committed 9640K, reserved 1048576K

Card table byte_map: [0x0000000106800000,0x0000000106c01000] byte_map_base: 0x0000000102e00000

Marking Bits: (ParMarkBitMap*) 0x000000010549ae40
 Begin Bits: [0x0000000106eac000, 0x0000000108eac000)
 End Bits:   [0x0000000108eac000, 0x000000010aeac000)

Polling page: 0x0000000105b9c000

CodeCache: size=245760Kb used=15887Kb max_used=15887Kb free=229873Kb
 bounds [0x0000000111913000, 0x00000001128a3000, 0x0000000120913000]
 total_blobs=8785 nmethods=8189 adapters=515
 compilation: enabled

Compilation events (10 events):
Event: 1198.586 Thread 0x00007f964981e000 8358       1       com.mysql.cj.protocol.a.NativeServerSession::isAutoCommit (5 bytes)
Event: 1198.586 Thread 0x00007f964981e000 nmethod 8358 0x000000011289ab10 code [0x000000011289ac60, 0x000000011289ad70]
Event: 1198.588 Thread 0x00007f964981e000 8359       1       java.util.AbstractMap$2$1::next (18 bytes)
Event: 1198.588 Thread 0x00007f964981e000 nmethod 8359 0x000000011289add0 code [0x000000011289af40, 0x000000011289b0f8]
Event: 1198.591 Thread 0x00007f964981e000 8360   !   1       java.util.AbstractSequentialList::get (39 bytes)
Event: 1198.591 Thread 0x00007f964981e000 nmethod 8360 0x000000011289b190 code [0x000000011289b360, 0x000000011289b798]
Event: 1198.601 Thread 0x00007f964981e000 8361       1       org.apache.tomcat.util.collections.ManagedConcurrentWeakHashMap$Key::<init> (15 bytes)
Event: 1198.602 Thread 0x00007f964981e000 nmethod 8361 0x000000011289ba90 code [0x000000011289bc00, 0x000000011289bdc8]
Event: 1198.613 Thread 0x00007f964981e000 8362       1       org.apache.catalina.core.StandardHost::getName (5 bytes)
Event: 1198.613 Thread 0x00007f964981e000 nmethod 8362 0x000000011289be90 code [0x000000011289bfe0, 0x000000011289c0f0]

GC Heap History (10 events):
Event: 777.326 GC heap after
Heap after GC invocations=17 (full 4):
 PSYoungGen      total 250880K, used 0K [0x0000000795580000, 0x00000007a6c80000, 0x00000007c0000000)
  eden space 246784K, 0% used [0x0000000795580000,0x0000000795580000,0x00000007a4680000)
  from space 4096K, 0% used [0x00000007a5080000,0x00000007a5080000,0x00000007a5480000)
  to   space 18432K, 0% used [0x00000007a5a80000,0x00000007a5a80000,0x00000007a6c80000)
 ParOldGen       total 136192K, used 30128K [0x0000000740000000, 0x0000000748500000, 0x0000000795580000)
  object space 136192K, 22% used [0x0000000740000000,0x0000000741d6c278,0x0000000748500000)
 Metaspace       used 62783K, capacity 66338K, committed 66472K, reserved 1105920K
  class space    used 8756K, capacity 9367K, committed 9384K, reserved 1048576K
}
Event: 787.304 GC heap before
{Heap before GC invocations=18 (full 4):
 PSYoungGen      total 250880K, used 246784K [0x0000000795580000, 0x00000007a6c80000, 0x00000007c0000000)
  eden space 246784K, 100% used [0x0000000795580000,0x00000007a4680000,0x00000007a4680000)
  from space 4096K, 0% used [0x00000007a5080000,0x00000007a5080000,0x00000007a5480000)
  to   space 18432K, 0% used [0x00000007a5a80000,0x00000007a5a80000,0x00000007a6c80000)
 ParOldGen       total 136192K, used 30128K [0x0000000740000000, 0x0000000748500000, 0x0000000795580000)
  object space 136192K, 22% used [0x0000000740000000,0x0000000741d6c278,0x0000000748500000)
 Metaspace       used 63598K, capacity 67514K, committed 67752K, reserved 1107968K
  class space    used 8846K, capacity 9513K, committed 9640K, reserved 1048576K
Event: 787.334 GC heap after
Heap after GC invocations=18 (full 4):
 PSYoungGen      total 268288K, used 9501K [0x0000000795580000, 0x00000007a8a80000, 0x00000007c0000000)
  eden space 249856K, 0% used [0x0000000795580000,0x0000000795580000,0x00000007a4980000)
  from space 18432K, 51% used [0x00000007a5a80000,0x00000007a63c74e0,0x00000007a6c80000)
  to   space 17408K, 0% used [0x00000007a4980000,0x00000007a4980000,0x00000007a5a80000)
 ParOldGen       total 136192K, used 30136K [0x0000000740000000, 0x0000000748500000, 0x0000000795580000)
  object space 136192K, 22% used [0x0000000740000000,0x0000000741d6e278,0x0000000748500000)
 Metaspace       used 63598K, capacity 67514K, committed 67752K, reserved 1107968K
  class space    used 8846K, capacity 9513K, committed 9640K, reserved 1048576K
}
Event: 975.314 GC heap before
{Heap before GC invocations=19 (full 4):
 PSYoungGen      total 268288K, used 73161K [0x0000000795580000, 0x00000007a8a80000, 0x00000007c0000000)
  eden space 249856K, 25% used [0x0000000795580000,0x00000007993ab2c8,0x00000007a4980000)
  from space 18432K, 51% used [0x00000007a5a80000,0x00000007a63c74e0,0x00000007a6c80000)
  to   space 17408K, 0% used [0x00000007a4980000,0x00000007a4980000,0x00000007a5a80000)
 ParOldGen       total 136192K, used 30136K [0x0000000740000000, 0x0000000748500000, 0x0000000795580000)
  object space 136192K, 22% used [0x0000000740000000,0x0000000741d6e278,0x0000000748500000)
 Metaspace       used 63646K, capacity 67584K, committed 67752K, reserved 1107968K
  class space    used 8847K, capacity 9515K, committed 9640K, reserved 1048576K
Event: 975.349 GC heap after
Heap after GC invocations=19 (full 4):
 PSYoungGen      total 267264K, used 5208K [0x0000000795580000, 0x00000007a8a80000, 0x00000007c0000000)
  eden space 249856K, 0% used [0x0000000795580000,0x0000000795580000,0x00000007a4980000)
  from space 17408K, 29% used [0x00000007a4980000,0x00000007a4e96200,0x00000007a5a80000)
  to   space 17408K, 0% used [0x00000007a7980000,0x00000007a7980000,0x00000007a8a80000)
 ParOldGen       total 136192K, used 30144K [0x0000000740000000, 0x0000000748500000, 0x0000000795580000)
  object space 136192K, 22% used [0x0000000740000000,0x0000000741d70278,0x0000000748500000)
 Metaspace       used 63646K, capacity 67584K, committed 67752K, reserved 1107968K
  class space    used 8847K, capacity 9515K, committed 9640K, reserved 1048576K
}
Event: 975.349 GC heap before
{Heap before GC invocations=20 (full 5):
 PSYoungGen      total 267264K, used 5208K [0x0000000795580000, 0x00000007a8a80000, 0x00000007c0000000)
  eden space 249856K, 0% used [0x0000000795580000,0x0000000795580000,0x00000007a4980000)
  from space 17408K, 29% used [0x00000007a4980000,0x00000007a4e96200,0x00000007a5a80000)
  to   space 17408K, 0% used [0x00000007a7980000,0x00000007a7980000,0x00000007a8a80000)
 ParOldGen       total 136192K, used 30144K [0x0000000740000000, 0x0000000748500000, 0x0000000795580000)
  object space 136192K, 22% used [0x0000000740000000,0x0000000741d70278,0x0000000748500000)
 Metaspace       used 63646K, capacity 67584K, committed 67752K, reserved 1107968K
  class space    used 8847K, capacity 9515K, committed 9640K, reserved 1048576K
Event: 975.837 GC heap after
Heap after GC invocations=20 (full 5):
 PSYoungGen      total 267264K, used 0K [0x0000000795580000, 0x00000007a8a80000, 0x00000007c0000000)
  eden space 249856K, 0% used [0x0000000795580000,0x0000000795580000,0x00000007a4980000)
  from space 17408K, 0% used [0x00000007a4980000,0x00000007a4980000,0x00000007a5a80000)
  to   space 17408K, 0% used [0x00000007a7980000,0x00000007a7980000,0x00000007a8a80000)
 ParOldGen       total 136192K, used 34320K [0x0000000740000000, 0x0000000748500000, 0x0000000795580000)
  object space 136192K, 25% used [0x0000000740000000,0x00000007421841a0,0x0000000748500000)
 Metaspace       used 63646K, capacity 67584K, committed 67752K, reserved 1107968K
  class space    used 8847K, capacity 9515K, committed 9640K, reserved 1048576K
}
Event: 1016.686 GC heap before
{Heap before GC invocations=21 (full 5):
 PSYoungGen      total 267264K, used 249856K [0x0000000795580000, 0x00000007a8a80000, 0x00000007c0000000)
  eden space 249856K, 100% used [0x0000000795580000,0x00000007a4980000,0x00000007a4980000)
  from space 17408K, 0% used [0x00000007a4980000,0x00000007a4980000,0x00000007a5a80000)
  to   space 17408K, 0% used [0x00000007a7980000,0x00000007a7980000,0x00000007a8a80000)
 ParOldGen       total 136192K, used 34320K [0x0000000740000000, 0x0000000748500000, 0x0000000795580000)
  object space 136192K, 25% used [0x0000000740000000,0x00000007421841a0,0x0000000748500000)
 Metaspace       used 64236K, capacity 68248K, committed 68520K, reserved 1107968K
  class space    used 8900K, capacity 9597K, committed 9640K, reserved 1048576K
Event: 1016.701 GC heap after
Heap after GC invocations=21 (full 5):
 PSYoungGen      total 290816K, used 9438K [0x0000000795580000, 0x00000007a8600000, 0x00000007c0000000)
  eden space 278016K, 0% used [0x0000000795580000,0x0000000795580000,0x00000007a6500000)
  from space 12800K, 73% used [0x00000007a7980000,0x00000007a82b7940,0x00000007a8600000)
  to   space 16896K, 0% used [0x00000007a6500000,0x00000007a6500000,0x00000007a7580000)
 ParOldGen       total 136192K, used 34328K [0x0000000740000000, 0x0000000748500000, 0x0000000795580000)
  object space 136192K, 25% used [0x0000000740000000,0x00000007421861a0,0x0000000748500000)
 Metaspace       used 64236K, capacity 68248K, committed 68520K, reserved 1107968K
  class space    used 8900K, capacity 9597K, committed 9640K, reserved 1048576K
}
Event: 1198.614 GC heap before
{Heap before GC invocations=22 (full 5):
 PSYoungGen      total 290816K, used 69061K [0x0000000795580000, 0x00000007a8600000, 0x00000007c0000000)
  eden space 278016K, 21% used [0x0000000795580000,0x0000000798fb9d70,0x00000007a6500000)
  from space 12800K, 73% used [0x00000007a7980000,0x00000007a82b7940,0x00000007a8600000)
  to   space 16896K, 0% used [0x00000007a6500000,0x00000007a6500000,0x00000007a7580000)
 ParOldGen       total 136192K, used 34328K [0x0000000740000000, 0x0000000748500000, 0x0000000795580000)
  object space 136192K, 25% used [0x0000000740000000,0x00000007421861a0,0x0000000748500000)
 Metaspace       used 64301K, capacity 68254K, committed 68520K, reserved 1107968K
  class space    used 8902K, capacity 9599K, committed 9640K, reserved 1048576K

Deoptimization events (0 events):
No events

Classes redefined (6 events):
Event: 768.246 Thread 0x00007f964881a000 redefined class name=com.example.restApi.UniquoRestaurant.controller.OrderFoodController, count=1
Event: 974.540 Thread 0x00007f964881a000 redefined class name=com.example.restApi.UniquoRestaurant.controller.OrderFoodController, count=1
Event: 974.575 Thread 0x00007f964881a000 redefined class name=com.example.restApi.UniquoRestaurant.controller.OrderFoodController, count=2
Event: 1197.029 Thread 0x00007f964881a000 redefined class name=com.example.restApi.UniquoRestaurant.controller.OrderFoodController, count=1
Event: 1197.064 Thread 0x00007f964881a000 redefined class name=com.example.restApi.UniquoRestaurant.controller.OrderFoodController, count=2
Event: 1197.098 Thread 0x00007f964881a000 redefined class name=com.example.restApi.UniquoRestaurant.controller.OrderFoodController, count=3

Internal exceptions (10 events):
Event: 979.666 Thread 0x00007f96490d9000 Exception <a 'java/lang/ArrayIndexOutOfBoundsException'> (0x00000007a3661040) thrown at [/Users/java_re/workspace/8-2-build-macosx-x86_64/jdk8u221/13320/hotspot/src/share/vm/runtime/sharedRuntime.cpp, line 605]
Event: 979.666 Thread 0x00007f96490d9000 Exception <a 'java/lang/ArrayIndexOutOfBoundsException'> (0x00000007a3668410) thrown at [/Users/java_re/workspace/8-2-build-macosx-x86_64/jdk8u221/13320/hotspot/src/share/vm/runtime/sharedRuntime.cpp, line 605]
Event: 979.667 Thread 0x00007f96490d9000 Exception <a 'java/lang/ArrayIndexOutOfBoundsException'> (0x00000007a366c390) thrown at [/Users/java_re/workspace/8-2-build-macosx-x86_64/jdk8u221/13320/hotspot/src/share/vm/runtime/sharedRuntime.cpp, line 605]
Event: 979.667 Thread 0x00007f96490d9000 Exception <a 'java/lang/ArrayIndexOutOfBoundsException'> (0x00000007a3672270) thrown at [/Users/java_re/workspace/8-2-build-macosx-x86_64/jdk8u221/13320/hotspot/src/share/vm/runtime/sharedRuntime.cpp, line 605]
Event: 979.667 Thread 0x00007f96490d9000 Exception <a 'java/lang/ArrayIndexOutOfBoundsException'> (0x00000007a3674440) thrown at [/Users/java_re/workspace/8-2-build-macosx-x86_64/jdk8u221/13320/hotspot/src/share/vm/runtime/sharedRuntime.cpp, line 605]
Event: 979.667 Thread 0x00007f96490d9000 Exception <a 'java/lang/ArrayIndexOutOfBoundsException'> (0x00000007a3675da0) thrown at [/Users/java_re/workspace/8-2-build-macosx-x86_64/jdk8u221/13320/hotspot/src/share/vm/runtime/sharedRuntime.cpp, line 605]
Event: 979.667 Thread 0x00007f96490d9000 Exception <a 'java/lang/ArrayIndexOutOfBoundsException'> (0x00000007a36775f0) thrown at [/Users/java_re/workspace/8-2-build-macosx-x86_64/jdk8u221/13320/hotspot/src/share/vm/runtime/sharedRuntime.cpp, line 605]
Event: 979.683 Thread 0x00007f96490d9000 Exception <a 'java/lang/ArrayIndexOutOfBoundsException'> (0x00000007a3750790) thrown at [/Users/java_re/workspace/8-2-build-macosx-x86_64/jdk8u221/13320/hotspot/src/share/vm/runtime/sharedRuntime.cpp, line 605]
Event: 1198.588 Thread 0x00007f9649d1f000 Exception <a 'java/lang/InterruptedException': sleep interrupted> (0x0000000798c1b050) thrown at [/Users/java_re/workspace/8-2-build-macosx-x86_64/jdk8u221/13320/hotspot/src/share/vm/prims/jvm.cpp, line 3336]
Event: 1198.612 Thread 0x00007f964a1ba800 Exception <a 'java/lang/InterruptedException': sleep interrupted> (0x0000000798f46040) thrown at [/Users/java_re/workspace/8-2-build-macosx-x86_64/jdk8u221/13320/hotspot/src/share/vm/prims/jvm.cpp, line 3336]

Events (10 events):
Event: 1198.613 Thread 0x00007f964925d000 DEOPT UNPACKING pc=0x000000011195a784 sp=0x0000700005b19360 mode 1
Event: 1198.613 Thread 0x00007f964925d000 DEOPT PACKING pc=0x0000000111fa1d3c sp=0x0000700005b19690
Event: 1198.613 Thread 0x00007f964925d000 DEOPT UNPACKING pc=0x000000011195a784 sp=0x0000700005b193d8 mode 1
Event: 1198.613 Thread 0x00007f964925d000 DEOPT PACKING pc=0x0000000111b28d54 sp=0x0000700005b196d0
Event: 1198.613 Thread 0x00007f964925d000 DEOPT UNPACKING pc=0x000000011195a784 sp=0x0000700005b19490 mode 1
Event: 1198.614 Executing VM operation: RevokeBias
Event: 1198.614 Executing VM operation: RevokeBias done
Event: 1198.614 Thread 0x00007f964925d000 Thread exited: 0x00007f964925d000
Event: 1198.614 Thread 0x00007f9649abb800 Thread exited: 0x00007f9649abb800
Event: 1198.614 Executing VM operation: ParallelGCSystemGC


Dynamic libraries:
0x00007fff3d31b000 	/System/Library/Frameworks/Cocoa.framework/Versions/A/Cocoa
0x00007fff49940000 	/System/Library/Frameworks/Security.framework/Versions/A/Security
0x00007fff3bf59000 	/System/Library/Frameworks/ApplicationServices.framework/Versions/A/ApplicationServices
0x00007fff65879000 	/usr/lib/libz.1.dylib
0x00007fff637a6000 	/usr/lib/libSystem.B.dylib
0x00007fff64e5f000 	/usr/lib/libobjc.A.dylib
0x00007fff3dace000 	/System/Library/Frameworks/CoreFoundation.framework/Versions/A/CoreFoundation
0x00007fff3fc32000 	/System/Library/Frameworks/Foundation.framework/Versions/C/Foundation
0x00007fff3b0a9000 	/System/Library/Frameworks/AppKit.framework/Versions/C/AppKit
0x00007fff3d693000 	/System/Library/Frameworks/CoreData.framework/Versions/A/CoreData
0x00007fff5d05b000 	/System/Library/PrivateFrameworks/RemoteViewServices.framework/Versions/A/RemoteViewServices
0x00007fff617d7000 	/System/Library/PrivateFrameworks/UIFoundation.framework/Versions/A/UIFoundation
0x00007fff51e57000 	/System/Library/PrivateFrameworks/DFRFoundation.framework/Versions/A/DFRFoundation
0x00007fff4229f000 	/System/Library/Frameworks/Metal.framework/Versions/A/Metal
0x00007fff51ff4000 	/System/Library/PrivateFrameworks/DesktopServicesPriv.framework/Versions/A/DesktopServicesPriv
0x00007fff643ac000 	/usr/lib/libenergytrace.dylib
0x00007fff5f843000 	/System/Library/PrivateFrameworks/SkyLight.framework/Versions/A/SkyLight
0x00007fff3df73000 	/System/Library/Frameworks/CoreGraphics.framework/Versions/A/CoreGraphics
0x00007fff637a1000 	/usr/lib/libScreenReader.dylib
0x00007fff3a043000 	/System/Library/Frameworks/Accelerate.framework/Versions/A/Accelerate
0x00007fff403ad000 	/System/Library/Frameworks/IOSurface.framework/Versions/A/IOSurface
0x00007fff3c4a4000 	/System/Library/Frameworks/AudioToolbox.framework/Versions/A/AudioToolbox
0x00007fff3c734000 	/System/Library/Frameworks/AudioUnit.framework/Versions/A/AudioUnit
0x00007fff51eef000 	/System/Library/PrivateFrameworks/DataDetectorsCore.framework/Versions/A/DataDetectorsCore
0x00007fff3ce0e000 	/System/Library/Frameworks/Carbon.framework/Versions/A/Frameworks/HIToolbox.framework/Versions/A/HIToolbox
0x00007fff64506000 	/usr/lib/libicucore.A.dylib
0x00007fff48ebc000 	/System/Library/Frameworks/QuartzCore.framework/Versions/A/QuartzCore
0x00007fff5eae4000 	/System/Library/PrivateFrameworks/SignpostNotification.framework/Versions/A/SignpostNotification
0x00007fff3d1f4000 	/System/Library/Frameworks/Carbon.framework/Versions/A/Frameworks/SpeechRecognition.framework/Versions/A/SpeechRecognition
0x00007fff63902000 	/usr/lib/libauto.dylib
0x00007fff65768000 	/usr/lib/libxml2.2.dylib
0x00007fff51aa7000 	/System/Library/PrivateFrameworks/CoreUI.framework/Versions/A/CoreUI
0x00007fff3d56f000 	/System/Library/Frameworks/CoreAudio.framework/Versions/A/CoreAudio
0x00007fff3fa6c000 	/System/Library/Frameworks/DiskArbitration.framework/Versions/A/DiskArbitration
0x00007fff6477a000 	/usr/lib/liblangid.dylib
0x00007fff59562000 	/System/Library/PrivateFrameworks/MultitouchSupport.framework/Versions/A/MultitouchSupport
0x00007fff40310000 	/System/Library/Frameworks/IOKit.framework/Versions/A/IOKit
0x00007fff63430000 	/usr/lib/libDiagnosticMessagesClient.dylib
0x00007fff3ec49000 	/System/Library/Frameworks/CoreServices.framework/Versions/A/CoreServices
0x00007fff5b097000 	/System/Library/PrivateFrameworks/PerformanceAnalysis.framework/Versions/A/PerformanceAnalysis
0x00007fff48059000 	/System/Library/Frameworks/OpenGL.framework/Versions/A/OpenGL
0x00007fff3d329000 	/System/Library/Frameworks/ColorSync.framework/Versions/A/ColorSync
0x00007fff3e585000 	/System/Library/Frameworks/CoreImage.framework/Versions/A/CoreImage
0x00007fff3f5da000 	/System/Library/Frameworks/CoreText.framework/Versions/A/CoreText
0x00007fff4040b000 	/System/Library/Frameworks/ImageIO.framework/Versions/A/ImageIO
0x00007fff4e753000 	/System/Library/PrivateFrameworks/Backup.framework/Versions/A/Backup
0x00007fff63852000 	/usr/lib/libarchive.2.dylib
0x00007fff3ca57000 	/System/Library/Frameworks/CFNetwork.framework/Versions/A/CFNetwork
0x00007fff4a0d3000 	/System/Library/Frameworks/SystemConfiguration.framework/Versions/A/SystemConfiguration
0x00007fff63359000 	/usr/lib/libCRFSuite.dylib
0x00007fff639dc000 	/usr/lib/libc++.1.dylib
0x00007fff63a33000 	/usr/lib/libc++abi.dylib
0x00007fff65927000 	/usr/lib/system/libcache.dylib
0x00007fff6592c000 	/usr/lib/system/libcommonCrypto.dylib
0x00007fff65937000 	/usr/lib/system/libcompiler_rt.dylib
0x00007fff6593f000 	/usr/lib/system/libcopyfile.dylib
0x00007fff65949000 	/usr/lib/system/libcorecrypto.dylib
0x00007fff65a56000 	/usr/lib/system/libdispatch.dylib
0x00007fff65a90000 	/usr/lib/system/libdyld.dylib
0x00007fff65aae000 	/usr/lib/system/libkeymgr.dylib
0x00007fff65abc000 	/usr/lib/system/liblaunch.dylib
0x00007fff65abd000 	/usr/lib/system/libmacho.dylib
0x00007fff65ac2000 	/usr/lib/system/libquarantine.dylib
0x00007fff65ac5000 	/usr/lib/system/libremovefile.dylib
0x00007fff65ac7000 	/usr/lib/system/libsystem_asl.dylib
0x00007fff65adf000 	/usr/lib/system/libsystem_blocks.dylib
0x00007fff65ae0000 	/usr/lib/system/libsystem_c.dylib
0x00007fff65b6a000 	/usr/lib/system/libsystem_configuration.dylib
0x00007fff65b6e000 	/usr/lib/system/libsystem_coreservices.dylib
0x00007fff65b72000 	/usr/lib/system/libsystem_darwin.dylib
0x00007fff65b74000 	/usr/lib/system/libsystem_dnssd.dylib
0x00007fff65b7b000 	/usr/lib/system/libsystem_info.dylib
0x00007fff65bec000 	/usr/lib/system/libsystem_m.dylib
0x00007fff65c38000 	/usr/lib/system/libsystem_malloc.dylib
0x00007fff65c58000 	/usr/lib/system/libsystem_network.dylib
0x00007fff65d89000 	/usr/lib/system/libsystem_networkextension.dylib
0x00007fff65d94000 	/usr/lib/system/libsystem_notify.dylib
0x00007fff65db2000 	/usr/lib/system/libsystem_sandbox.dylib
0x00007fff65db6000 	/usr/lib/system/libsystem_secinit.dylib
0x00007fff65bc5000 	/usr/lib/system/libsystem_kernel.dylib
0x00007fff65d9e000 	/usr/lib/system/libsystem_platform.dylib
0x00007fff65da6000 	/usr/lib/system/libsystem_pthread.dylib
0x00007fff65db8000 	/usr/lib/system/libsystem_symptoms.dylib
0x00007fff65dc0000 	/usr/lib/system/libsystem_trace.dylib
0x00007fff65dd6000 	/usr/lib/system/libunwind.dylib
0x00007fff65ddc000 	/usr/lib/system/libxpc.dylib
0x00007fff6326c000 	/usr/lib/closure/libclosured.dylib
0x00007fff639bd000 	/usr/lib/libbsm.0.dylib
0x00007fff65aaf000 	/usr/lib/system/libkxld.dylib
0x00007fff6366a000 	/usr/lib/libOpenScriptingUtil.dylib
0x00007fff63d2c000 	/usr/lib/libcoretls.dylib
0x00007fff63d45000 	/usr/lib/libcoretls_cfhelpers.dylib
0x00007fff65260000 	/usr/lib/libpam.2.dylib
0x00007fff6538b000 	/usr/lib/libsqlite3.dylib
0x00007fff65757000 	/usr/lib/libxar.1.dylib
0x00007fff639ce000 	/usr/lib/libbz2.1.0.dylib
0x00007fff6477c000 	/usr/lib/liblzma.5.dylib
0x00007fff64c5d000 	/usr/lib/libnetwork.dylib
0x00007fff6383b000 	/usr/lib/libapple_nghttp2.dylib
0x00007fff65267000 	/usr/lib/libpcap.A.dylib
0x00007fff63903000 	/usr/lib/libboringssl.dylib
0x00007fff656f2000 	/usr/lib/libusrtcp.dylib
0x00007fff6383a000 	/usr/lib/libapple_crypto.dylib
0x00007fff3efcc000 	/System/Library/Frameworks/CoreServices.framework/Versions/A/Frameworks/FSEvents.framework/Versions/A/FSEvents
0x00007fff3ecbf000 	/System/Library/Frameworks/CoreServices.framework/Versions/A/Frameworks/CarbonCore.framework/Versions/A/CarbonCore
0x00007fff3f194000 	/System/Library/Frameworks/CoreServices.framework/Versions/A/Frameworks/Metadata.framework/Versions/A/Metadata
0x00007fff3f245000 	/System/Library/Frameworks/CoreServices.framework/Versions/A/Frameworks/OSServices.framework/Versions/A/OSServices
0x00007fff3f2a6000 	/System/Library/Frameworks/CoreServices.framework/Versions/A/Frameworks/SearchKit.framework/Versions/A/SearchKit
0x00007fff3ec4a000 	/System/Library/Frameworks/CoreServices.framework/Versions/A/Frameworks/AE.framework/Versions/A/AE
0x00007fff3efd5000 	/System/Library/Frameworks/CoreServices.framework/Versions/A/Frameworks/LaunchServices.framework/Versions/A/LaunchServices
0x00007fff3ef97000 	/System/Library/Frameworks/CoreServices.framework/Versions/A/Frameworks/DictionaryServices.framework/Versions/A/DictionaryServices
0x00007fff3f315000 	/System/Library/Frameworks/CoreServices.framework/Versions/A/Frameworks/SharedFileList.framework/Versions/A/SharedFileList
0x00007fff434d5000 	/System/Library/Frameworks/NetFS.framework/Versions/A/NetFS
0x00007fff597f3000 	/System/Library/PrivateFrameworks/NetAuth.framework/Versions/A/NetAuth
0x00007fff63103000 	/System/Library/PrivateFrameworks/login.framework/Versions/A/Frameworks/loginsupport.framework/Versions/A/loginsupport
0x00007fff61454000 	/System/Library/PrivateFrameworks/TCC.framework/Versions/A/TCC
0x00007fff6485d000 	/usr/lib/libmecabra.dylib
0x00007fff3bf5a000 	/System/Library/Frameworks/ApplicationServices.framework/Versions/A/Frameworks/ATS.framework/Versions/A/ATS
0x00007fff3c309000 	/System/Library/Frameworks/ApplicationServices.framework/Versions/A/Frameworks/ColorSyncLegacy.framework/Versions/A/ColorSyncLegacy
0x00007fff3c3ad000 	/System/Library/Frameworks/ApplicationServices.framework/Versions/A/Frameworks/HIServices.framework/Versions/A/HIServices
0x00007fff3c400000 	/System/Library/Frameworks/ApplicationServices.framework/Versions/A/Frameworks/LangAnalysis.framework/Versions/A/LangAnalysis
0x00007fff3c40f000 	/System/Library/Frameworks/ApplicationServices.framework/Versions/A/Frameworks/PrintCore.framework/Versions/A/PrintCore
0x00007fff3c45c000 	/System/Library/Frameworks/ApplicationServices.framework/Versions/A/Frameworks/QD.framework/Versions/A/QD
0x00007fff3c497000 	/System/Library/Frameworks/ApplicationServices.framework/Versions/A/Frameworks/SpeechSynthesis.framework/Versions/A/SpeechSynthesis
0x00007fff3d9ea000 	/System/Library/Frameworks/CoreDisplay.framework/Versions/A/CoreDisplay
0x00007fff3a05b000 	/System/Library/Frameworks/Accelerate.framework/Versions/A/Frameworks/vImage.framework/Versions/A/vImage
0x00007fff3adb5000 	/System/Library/Frameworks/Accelerate.framework/Versions/A/Frameworks/vecLib.framework/Versions/A/vecLib
0x00007fff3ab55000 	/System/Library/Frameworks/Accelerate.framework/Versions/A/Frameworks/vecLib.framework/Versions/A/libvDSP.dylib
0x00007fff3a6b5000 	/System/Library/Frameworks/Accelerate.framework/Versions/A/Frameworks/vecLib.framework/Versions/A/libBNNS.dylib
0x00007fff3aaba000 	/System/Library/Frameworks/Accelerate.framework/Versions/A/Frameworks/vecLib.framework/Versions/A/libQuadrature.dylib
0x00007fff3ad03000 	/System/Library/Frameworks/Accelerate.framework/Versions/A/Frameworks/vecLib.framework/Versions/A/libvMisc.dylib
0x00007fff3a6e4000 	/System/Library/Frameworks/Accelerate.framework/Versions/A/Frameworks/vecLib.framework/Versions/A/libLAPACK.dylib
0x00007fff3a55a000 	/System/Library/Frameworks/Accelerate.framework/Versions/A/Frameworks/vecLib.framework/Versions/A/libBLAS.dylib
0x00007fff3aaa4000 	/System/Library/Frameworks/Accelerate.framework/Versions/A/Frameworks/vecLib.framework/Versions/A/libLinearAlgebra.dylib
0x00007fff3aac0000 	/System/Library/Frameworks/Accelerate.framework/Versions/A/Frameworks/vecLib.framework/Versions/A/libSparse.dylib
0x00007fff3ab41000 	/System/Library/Frameworks/Accelerate.framework/Versions/A/Frameworks/vecLib.framework/Versions/A/libSparseBLAS.dylib
0x00007fff5662e000 	/System/Library/PrivateFrameworks/GPUWrangler.framework/Versions/A/GPUWrangler
0x00007fff57dc2000 	/System/Library/PrivateFrameworks/IOAccelerator.framework/Versions/A/IOAccelerator
0x00007fff57dcd000 	/System/Library/PrivateFrameworks/IOPresentment.framework/Versions/A/IOPresentment
0x00007fff51e69000 	/System/Library/PrivateFrameworks/DSExternalDisplay.framework/Versions/A/DSExternalDisplay
0x00007fff474d8000 	/System/Library/Frameworks/OpenGL.framework/Versions/A/Libraries/libCoreFSCache.dylib
0x00007fff3f72b000 	/System/Library/Frameworks/CoreVideo.framework/Versions/A/CoreVideo
0x00007fff573a9000 	/System/Library/PrivateFrameworks/GraphVisualizer.framework/Versions/A/GraphVisualizer
0x00007fff424d6000 	/System/Library/Frameworks/MetalPerformanceShaders.framework/Versions/A/MetalPerformanceShaders
0x00007fff63468000 	/usr/lib/libFosl_dynamic.dylib
0x00007fff52f38000 	/System/Library/PrivateFrameworks/FaceCore.framework/Versions/A/FaceCore
0x00007fff462d3000 	/System/Library/Frameworks/OpenCL.framework/Versions/A/OpenCL
0x00007fff63a6a000 	/usr/lib/libcompression.dylib
0x00007fff3c059000 	/System/Library/Frameworks/ApplicationServices.framework/Versions/A/Frameworks/ATS.framework/Versions/A/Resources/libFontParser.dylib
0x00007fff3c17c000 	/System/Library/Frameworks/ApplicationServices.framework/Versions/A/Frameworks/ATS.framework/Versions/A/Resources/libFontRegistry.dylib
0x00007fff40673000 	/System/Library/Frameworks/ImageIO.framework/Versions/A/Resources/libJPEG.dylib
0x00007fff4099c000 	/System/Library/Frameworks/ImageIO.framework/Versions/A/Resources/libTIFF.dylib
0x00007fff40972000 	/System/Library/Frameworks/ImageIO.framework/Versions/A/Resources/libPng.dylib
0x00007fff40586000 	/System/Library/Frameworks/ImageIO.framework/Versions/A/Resources/libGIF.dylib
0x00007fff4058b000 	/System/Library/Frameworks/ImageIO.framework/Versions/A/Resources/libJP2.dylib
0x00007fff40999000 	/System/Library/Frameworks/ImageIO.framework/Versions/A/Resources/libRadiance.dylib
0x00007fff4de7d000 	/System/Library/PrivateFrameworks/AppleJPEG.framework/Versions/A/AppleJPEG
0x00007fff4233d000 	/System/Library/Frameworks/MetalPerformanceShaders.framework/Frameworks/MPSCore.framework/Versions/A/MPSCore
0x00007fff42359000 	/System/Library/Frameworks/MetalPerformanceShaders.framework/Frameworks/MPSImage.framework/Versions/A/MPSImage
0x00007fff423ee000 	/System/Library/Frameworks/MetalPerformanceShaders.framework/Frameworks/MPSNeuralNetwork.framework/Versions/A/MPSNeuralNetwork
0x00007fff423c9000 	/System/Library/Frameworks/MetalPerformanceShaders.framework/Frameworks/MPSMatrix.framework/Versions/A/MPSMatrix
0x00007fff592c4000 	/System/Library/PrivateFrameworks/MetalTools.framework/Versions/A/MetalTools
0x00007fff476a3000 	/System/Library/Frameworks/OpenGL.framework/Versions/A/Libraries/libGLU.dylib
0x00007fff474e3000 	/System/Library/Frameworks/OpenGL.framework/Versions/A/Libraries/libGFXShared.dylib
0x00007fff474ed000 	/System/Library/Frameworks/OpenGL.framework/Versions/A/Libraries/libGL.dylib
0x00007fff474f9000 	/System/Library/Frameworks/OpenGL.framework/Versions/A/Libraries/libGLImage.dylib
0x00007fff474d5000 	/System/Library/Frameworks/OpenGL.framework/Versions/A/Libraries/libCVMSPluginSupport.dylib
0x00007fff474de000 	/System/Library/Frameworks/OpenGL.framework/Versions/A/Libraries/libCoreVMClient.dylib
0x00007fff64217000 	/usr/lib/libcups.2.dylib
0x00007fff418a4000 	/System/Library/Frameworks/Kerberos.framework/Versions/A/Kerberos
0x00007fff4006a000 	/System/Library/Frameworks/GSS.framework/Versions/A/GSS
0x00007fff6531e000 	/usr/lib/libresolv.9.dylib
0x00007fff64414000 	/usr/lib/libiconv.2.dylib
0x00007fff5743b000 	/System/Library/PrivateFrameworks/Heimdal.framework/Versions/A/Heimdal
0x00007fff643e3000 	/usr/lib/libheimdal-asn1.dylib
0x00007fff4634b000 	/System/Library/Frameworks/OpenDirectory.framework/Versions/A/OpenDirectory
0x00007fff50194000 	/System/Library/PrivateFrameworks/CommonAuth.framework/Versions/A/CommonAuth
0x00007fff4632e000 	/System/Library/Frameworks/OpenDirectory.framework/Versions/A/Frameworks/CFOpenDirectory.framework/Versions/A/CFOpenDirectory
0x00007fff49c6c000 	/System/Library/Frameworks/SecurityFoundation.framework/Versions/A/SecurityFoundation
0x00007fff4d040000 	/System/Library/PrivateFrameworks/APFS.framework/Versions/A/APFS
0x00007fff65753000 	/usr/lib/libutil.dylib
0x00007fff4df00000 	/System/Library/PrivateFrameworks/AppleSauce.framework/Versions/A/AppleSauce
0x00007fff585aa000 	/System/Library/PrivateFrameworks/LinguisticData.framework/Versions/A/LinguisticData
0x00007fff64796000 	/usr/lib/libmarisa.dylib
0x00007fff58564000 	/System/Library/PrivateFrameworks/Lexicon.framework/Versions/A/Lexicon
0x00007fff63393000 	/usr/lib/libChineseTokenizer.dylib
0x00007fff63a59000 	/usr/lib/libcmph.dylib
0x00007fff5846e000 	/System/Library/PrivateFrameworks/LanguageModeling.framework/Versions/A/LanguageModeling
0x00007fff50cb1000 	/System/Library/PrivateFrameworks/CoreEmoji.framework/Versions/A/CoreEmoji
0x00007fff49d2a000 	/System/Library/Frameworks/ServiceManagement.framework/Versions/A/ServiceManagement
0x00007fff4e74b000 	/System/Library/PrivateFrameworks/BackgroundTaskManagement.framework/Versions/A/BackgroundTaskManagement
0x00007fff65850000 	/usr/lib/libxslt.1.dylib
0x00007fff3d11e000 	/System/Library/Frameworks/Carbon.framework/Versions/A/Frameworks/Ink.framework/Versions/A/Ink
0x00007fff61669000 	/System/Library/PrivateFrameworks/TextureIO.framework/Versions/A/TextureIO
0x00007fff6387d000 	/usr/lib/libate.dylib
0x00007fff51dc8000 	/System/Library/PrivateFrameworks/CrashReporterSupport.framework/Versions/A/CrashReporterSupport
0x00007fff5e9a4000 	/System/Library/PrivateFrameworks/Sharing.framework/Versions/A/Sharing
0x00007fff581af000 	/System/Library/PrivateFrameworks/IconServices.framework/Versions/A/IconServices
0x00007fff4e37b000 	/System/Library/PrivateFrameworks/AuthKit.framework/Versions/A/AuthKit
0x00007fff4dd00000 	/System/Library/PrivateFrameworks/Apple80211.framework/Versions/A/Apple80211
0x00007fff51bdd000 	/System/Library/PrivateFrameworks/CoreUtils.framework/Versions/A/CoreUtils
0x00007fff3f766000 	/System/Library/Frameworks/CoreWLAN.framework/Versions/A/CoreWLAN
0x00007fff401ac000 	/System/Library/Frameworks/IOBluetooth.framework/Versions/A/IOBluetooth
0x00007fff5ce66000 	/System/Library/PrivateFrameworks/ProtocolBuffer.framework/Versions/A/ProtocolBuffer
0x00007fff594bd000 	/System/Library/PrivateFrameworks/MobileKeyBag.framework/Versions/A/MobileKeyBag
0x00007fff51455000 	/System/Library/PrivateFrameworks/CorePhoneNumbers.framework/Versions/A/CorePhoneNumbers
0x00007fff4de38000 	/System/Library/PrivateFrameworks/AppleIDAuthSupport.framework/Versions/A/AppleIDAuthSupport
0x00007fff5845a000 	/System/Library/PrivateFrameworks/KeychainCircle.framework/Versions/A/KeychainCircle
0x00007fff51d63000 	/System/Library/PrivateFrameworks/CoreWiFi.framework/Versions/A/CoreWiFi
0x00007fff3d669000 	/System/Library/Frameworks/CoreBluetooth.framework/Versions/A/CoreBluetooth
0x00007fff51fb3000 	/System/Library/PrivateFrameworks/DebugSymbols.framework/Versions/A/DebugSymbols
0x00007fff51993000 	/System/Library/PrivateFrameworks/CoreSymbolication.framework/Versions/A/CoreSymbolication
0x00007fff60e5b000 	/System/Library/PrivateFrameworks/Symbolication.framework/Versions/A/Symbolication
0x00007fff4dd2a000 	/System/Library/PrivateFrameworks/AppleFSCompression.framework/Versions/A/AppleFSCompression
0x00007fff602a8000 	/System/Library/PrivateFrameworks/SpeechRecognitionCore.framework/Versions/A/SpeechRecognitionCore
0x0000000104b9f000 	/Library/Java/JavaVirtualMachines/jdk1.8.0_221.jdk/Contents/Home/jre/lib/server/libjvm.dylib
0x00007fff65620000 	/usr/lib/libstdc++.6.0.9.dylib
0x0000000105b58000 	/Library/Java/JavaVirtualMachines/jdk1.8.0_221.jdk/Contents/Home/jre/lib/libverify.dylib
0x0000000105b66000 	/Library/Java/JavaVirtualMachines/jdk1.8.0_221.jdk/Contents/Home/jre/lib/libjava.dylib
0x0000000105b9d000 	/Library/Java/JavaVirtualMachines/jdk1.8.0_221.jdk/Contents/Home/jre/lib/libjdwp.dylib
0x0000000105be8000 	/Library/Java/JavaVirtualMachines/jdk1.8.0_221.jdk/Contents/Home/jre/lib/libnpt.dylib
0x0000000105bf5000 	/Library/Java/JavaVirtualMachines/jdk1.8.0_221.jdk/Contents/Home/jre/lib/libzip.dylib
0x000000010e771000 	/Library/Java/JavaVirtualMachines/jdk1.8.0_221.jdk/Contents/Home/jre/lib/libdt_socket.dylib
0x000000010e778000 	/Library/Java/JavaVirtualMachines/jdk1.8.0_221.jdk/Contents/Home/jre/lib/libmanagement.dylib
0x000000010e786000 	/Library/Java/JavaVirtualMachines/jdk1.8.0_221.jdk/Contents/Home/jre/lib/libnet.dylib
0x000000010e7e5000 	/Library/Java/JavaVirtualMachines/jdk1.8.0_221.jdk/Contents/Home/jre/lib/libnio.dylib
0x00000001105ee000 	/Library/Java/JavaVirtualMachines/jdk1.8.0_221.jdk/Contents/Home/jre/lib/libsunec.dylib

VM Arguments:
jvm_args: -agentlib:jdwp=transport=dt_socket,suspend=y,address=localhost:62326 -Dcom.sun.management.jmxremote -Dcom.sun.management.jmxremote.port=62325 -Dcom.sun.management.jmxremote.authenticate=false -Dcom.sun.management.jmxremote.ssl=false -Djava.rmi.server.hostname=localhost -Dspring.jmx.enabled=true -Dspring.application.admin.enabled=true -Djava.security.egd=file:/dev/./urandom -Xverify:none -XX:TieredStopAtLevel=1 -Dspring.boot.project.name=UniquoRestaurant -Dfile.encoding=UTF-8 
java_command: com.example.restApi.UniquoRestaurant.UniquoRestaurantApplication --spring.output.ansi.enabled=always
java_class_path (initial): /Users/manojagarwal/git/RestaurantAutomationWebServices/UniquoRestaurant/target/classes:/Users/manojagarwal/.m2/repository/org/springframework/boot/spring-boot-starter-actuator/2.1.3.RELEASE/spring-boot-starter-actuator-2.1.3.RELEASE.jar:/Users/manojagarwal/.m2/repository/org/springframework/boot/spring-boot-starter/2.1.3.RELEASE/spring-boot-starter-2.1.3.RELEASE.jar:/Users/manojagarwal/.m2/repository/org/springframework/boot/spring-boot-starter-logging/2.1.3.RELEASE/spring-boot-starter-logging-2.1.3.RELEASE.jar:/Users/manojagarwal/.m2/repository/ch/qos/logback/logback-classic/1.2.3/logback-classic-1.2.3.jar:/Users/manojagarwal/.m2/repository/ch/qos/logback/logback-core/1.2.3/logback-core-1.2.3.jar:/Users/manojagarwal/.m2/repository/org/apache/logging/log4j/log4j-to-slf4j/2.11.2/log4j-to-slf4j-2.11.2.jar:/Users/manojagarwal/.m2/repository/org/apache/logging/log4j/log4j-api/2.11.2/log4j-api-2.11.2.jar:/Users/manojagarwal/.m2/repository/org/slf4j/jul-to-slf4j/1.7.25/jul-to-slf4j-1.7.25.jar:/Users/manojagarwal/.m2/repository/javax/annotation/javax.annotation-api/1.3.2/javax.annotation-api-1.3.2.jar:/Users/manojagarwal/.m2/repository/org/yaml/snakeyaml/1.23/snakeyaml-1.23.jar:/Users/manojagarwal/.m2/repository/org/springframework/boot/spring-boot-actuator-autoconfigure/2.1.3.RELEASE/spring-boot-actuator-autoconfigure-2.1.3.RELEASE.jar:/Users/manojagarwal/.m2/repository/org/springframework/boot/spring-boot-actuator/2.1.3.RELEASE/spring-boot-actuator-2.1.3.RELEASE.jar:/Users/manojagarwal/.m2/repository/com/fasterxml/jackson/core/jackson-databind/2.9.8/jackson-databind-2.9.8.jar:/Users/manojagarwal/.m2/repository/com/fasterxml/jackson/core/jackson-annotations/2.9.0/jackson-annotations-2.9.0.jar:/Users/manojagarwal/.m2/repository/com/fasterxml/jackson/core/jackson-core/2.9.8/jackson-core-2.9.8.jar:/Users/manojagarwal/.m2/repository/org/springframework/spring-context/5.1.5.RELEASE/spring-context-5.1.5.RELEASE.jar:/Users/manojagarwal/.m2/repositor
Launcher Type: SUN_STANDARD

Environment Variables:
PATH=/usr/bin:/bin:/usr/sbin:/sbin
SHELL=/bin/bash

Signal Handlers:
SIGSEGV: [libjvm.dylib+0x5b71a7], sa_mask[0]=11111111011111110111111111111111, sa_flags=SA_ONSTACK|SA_RESTART|SA_SIGINFO
SIGBUS: [libjvm.dylib+0x5b71a7], sa_mask[0]=11111111011111110111111111111111, sa_flags=SA_RESTART|SA_SIGINFO
SIGFPE: [libjvm.dylib+0x48c8fc], sa_mask[0]=11111111011111110111111111111111, sa_flags=SA_RESTART|SA_SIGINFO
SIGPIPE: [libjvm.dylib+0x48c8fc], sa_mask[0]=11111111011111110111111111111111, sa_flags=SA_RESTART|SA_SIGINFO
SIGXFSZ: [libjvm.dylib+0x48c8fc], sa_mask[0]=11111111011111110111111111111111, sa_flags=SA_RESTART|SA_SIGINFO
SIGILL: [libjvm.dylib+0x48c8fc], sa_mask[0]=11111111011111110111111111111111, sa_flags=SA_RESTART|SA_SIGINFO
SIGUSR1: SIG_DFL, sa_mask[0]=00000000000000000000000000000000, sa_flags=none
SIGUSR2: [libjvm.dylib+0x48c41a], sa_mask[0]=00100000000000000000000000000000, sa_flags=SA_RESTART|SA_SIGINFO
SIGHUP: [libjvm.dylib+0x48a9a5], sa_mask[0]=11111111011111110111111111111111, sa_flags=SA_RESTART|SA_SIGINFO
SIGINT: [libjvm.dylib+0x48a9a5], sa_mask[0]=11111111011111110111111111111111, sa_flags=SA_RESTART|SA_SIGINFO
SIGTERM: [libjvm.dylib+0x48a9a5], sa_mask[0]=11111111011111110111111111111111, sa_flags=SA_RESTART|SA_SIGINFO
SIGQUIT: [libjvm.dylib+0x48a9a5], sa_mask[0]=11111111011111110111111111111111, sa_flags=SA_RESTART|SA_SIGINFO


---------------  S Y S T E M  ---------------

OS:Bsduname:Darwin 17.7.0 Darwin Kernel Version 17.7.0: Sun Dec  1 19:19:56 PST 2019; root:xnu-4570.71.63~1/RELEASE_X86_64 x86_64
rlimit: STACK 8192k, CORE 0k, NPROC 709, NOFILE 10240, AS infinity
load average:2.48 2.84 2.96

CPU:total 4 (initial active 4) (2 cores per cpu, 2 threads per core) family 6 model 61 stepping 4, cmov, cx8, fxsr, mmx, sse, sse2, sse3, ssse3, sse4.1, sse4.2, popcnt, avx, avx2, aes, clmul, erms, rtm, 3dnowpref, lzcnt, ht, tsc, tscinvbit, bmi1, bmi2, adx

Memory: 4k page, physical 8388608k(49240k free)

/proc/meminfo:


vm_info: Java HotSpot(TM) 64-Bit Server VM (25.221-b11) for bsd-amd64 JRE (1.8.0_221-b11), built on Jul  4 2019 04:36:22 by "java_re" with gcc 4.2.1 (Based on Apple Inc. build 5658) (LLVM build 2336.11.00)

time: Wed Feb 26 13:49:56 2020
timezone: EST
elapsed time: 1198 seconds (0d 0h 19m 58s)

